Loading data...
Done.
Loading Prismatic descriptions...
Done.
Loading gDINO to device 0...
Done.
⚠️ Missing caption for: /l/users/malak.mansour/Datasets/do_manual/hdf5_rgb/pick_cup_from_yellow_plate_and_place_it_in_the_blue_plate.h5 / episode_0
⚠️ Missing caption for: /l/users/malak.mansour/Datasets/do_manual/hdf5_rgb/pick_cup_from_yellow_plate_and_place_it_in_the_blue_plate.h5 / episode_1
⚠️ Missing caption for: /l/users/malak.mansour/Datasets/do_manual/hdf5_rgb/pick_cup_from_yellow_plate_and_place_it_in_the_blue_plate.h5 / episode_10
⚠️ Missing caption for: /l/users/malak.mansour/Datasets/do_manual/hdf5_rgb/pick_cup_from_yellow_plate_and_place_it_in_the_blue_plate.h5 / episode_11
⚠️ Missing caption for: /l/users/malak.mansour/Datasets/do_manual/hdf5_rgb/pick_cup_from_yellow_plate_and_place_it_in_the_blue_plate.h5 / episode_12
⚠️ Missing caption for: /l/users/malak.mansour/Datasets/do_manual/hdf5_rgb/pick_cup_from_yellow_plate_and_place_it_in_the_blue_plate.h5 / episode_13
⚠️ Missing caption for: /l/users/malak.mansour/Datasets/do_manual/hdf5_rgb/pick_cup_from_yellow_plate_and_place_it_in_the_blue_plate.h5 / episode_14
⚠️ Missing caption for: /l/users/malak.mansour/Datasets/do_manual/hdf5_rgb/pick_cup_from_yellow_plate_and_place_it_in_the_blue_plate.h5 / episode_15
⚠️ Missing caption for: /l/users/malak.mansour/Datasets/do_manual/hdf5_rgb/pick_cup_from_yellow_plate_and_place_it_in_the_blue_plate.h5 / episode_16
⚠️ Missing caption for: /l/users/malak.mansour/Datasets/do_manual/hdf5_rgb/pick_cup_from_yellow_plate_and_place_it_in_the_blue_plate.h5 / episode_17
⚠️ Missing caption for: /l/users/malak.mansour/Datasets/do_manual/hdf5_rgb/pick_cup_from_yellow_plate_and_place_it_in_the_blue_plate.h5 / episode_18
⚠️ Missing caption for: /l/users/malak.mansour/Datasets/do_manual/hdf5_rgb/pick_cup_from_yellow_plate_and_place_it_in_the_blue_plate.h5 / episode_19
⚠️ Missing caption for: /l/users/malak.mansour/Datasets/do_manual/hdf5_rgb/pick_cup_from_yellow_plate_and_place_it_in_the_blue_plate.h5 / episode_2
⚠️ Missing caption for: /l/users/malak.mansour/Datasets/do_manual/hdf5_rgb/pick_cup_from_yellow_plate_and_place_it_in_the_blue_plate.h5 / episode_20
⚠️ Missing caption for: /l/users/malak.mansour/Datasets/do_manual/hdf5_rgb/pick_cup_from_yellow_plate_and_place_it_in_the_blue_plate.h5 / episode_21
⚠️ Missing caption for: /l/users/malak.mansour/Datasets/do_manual/hdf5_rgb/pick_cup_from_yellow_plate_and_place_it_in_the_blue_plate.h5 / episode_22
⚠️ Missing caption for: /l/users/malak.mansour/Datasets/do_manual/hdf5_rgb/pick_cup_from_yellow_plate_and_place_it_in_the_blue_plate.h5 / episode_23
⚠️ Missing caption for: /l/users/malak.mansour/Datasets/do_manual/hdf5_rgb/pick_cup_from_yellow_plate_and_place_it_in_the_blue_plate.h5 / episode_5
⚠️ Missing caption for: /l/users/malak.mansour/Datasets/do_manual/hdf5_rgb/pick_cup_from_yellow_plate_and_place_it_in_the_blue_plate.h5 / episode_6
⚠️ Missing caption for: /l/users/malak.mansour/Datasets/do_manual/hdf5_rgb/pick_cup_from_yellow_plate_and_place_it_in_the_blue_plate.h5 / episode_7
⚠️ Missing caption for: /l/users/malak.mansour/Datasets/do_manual/hdf5_rgb/pick_cup_from_yellow_plate_and_place_it_in_the_blue_plate.h5 / episode_8
⚠️ Missing caption for: /l/users/malak.mansour/Datasets/do_manual/hdf5_rgb/pick_cup_from_yellow_plate_and_place_it_in_the_blue_plate.h5 / episode_9
⚠️ Missing caption for: /l/users/malak.mansour/Datasets/do_manual/hdf5_rgb/pick_grapes_from_blue_plate_and_put_them_in_the_grey_bowl.h5 / episode_0
⚠️ Missing caption for: /l/users/malak.mansour/Datasets/do_manual/hdf5_rgb/pick_grapes_from_blue_plate_and_put_them_in_the_grey_bowl.h5 / episode_1
⚠️ Missing caption for: /l/users/malak.mansour/Datasets/do_manual/hdf5_rgb/pick_grapes_from_blue_plate_and_put_them_in_the_grey_bowl.h5 / episode_10
⚠️ Missing caption for: /l/users/malak.mansour/Datasets/do_manual/hdf5_rgb/pick_grapes_from_blue_plate_and_put_them_in_the_grey_bowl.h5 / episode_11
⚠️ Missing caption for: /l/users/malak.mansour/Datasets/do_manual/hdf5_rgb/pick_grapes_from_blue_plate_and_put_them_in_the_grey_bowl.h5 / episode_17
⚠️ Missing caption for: /l/users/malak.mansour/Datasets/do_manual/hdf5_rgb/pick_grapes_from_blue_plate_and_put_them_in_the_grey_bowl.h5 / episode_18
⚠️ Missing caption for: /l/users/malak.mansour/Datasets/do_manual/hdf5_rgb/pick_grapes_from_blue_plate_and_put_them_in_the_grey_bowl.h5 / episode_2
⚠️ Missing caption for: /l/users/malak.mansour/Datasets/do_manual/hdf5_rgb/pick_grapes_from_blue_plate_and_put_them_in_the_grey_bowl.h5 / episode_20
⚠️ Missing caption for: /l/users/malak.mansour/Datasets/do_manual/hdf5_rgb/pick_grapes_from_blue_plate_and_put_them_in_the_grey_bowl.h5 / episode_21
⚠️ Missing caption for: /l/users/malak.mansour/Datasets/do_manual/hdf5_rgb/pick_grapes_from_blue_plate_and_put_them_in_the_grey_bowl.h5 / episode_22
⚠️ Missing caption for: /l/users/malak.mansour/Datasets/do_manual/hdf5_rgb/pick_grapes_from_blue_plate_and_put_them_in_the_grey_bowl.h5 / episode_24
⚠️ Missing caption for: /l/users/malak.mansour/Datasets/do_manual/hdf5_rgb/pick_grapes_from_blue_plate_and_put_them_in_the_grey_bowl.h5 / episode_3
⚠️ Missing caption for: /l/users/malak.mansour/Datasets/do_manual/hdf5_rgb/pick_grapes_from_blue_plate_and_put_them_in_the_grey_bowl.h5 / episode_4
⚠️ Missing caption for: /l/users/malak.mansour/Datasets/do_manual/hdf5_rgb/pick_grapes_from_blue_plate_and_put_them_in_the_grey_bowl.h5 / episode_5
⚠️ Missing caption for: /l/users/malak.mansour/Datasets/do_manual/hdf5_rgb/pick_grapes_from_blue_plate_and_put_them_in_the_grey_bowl.h5 / episode_7
⚠️ Missing caption for: /l/users/malak.mansour/Datasets/do_manual/hdf5_rgb/pick_yellow_cup_and_put_it_in_pot.h5 / episode_1
⚠️ Missing caption for: /l/users/malak.mansour/Datasets/do_manual/hdf5_rgb/pick_yellow_cup_and_put_it_in_pot.h5 / episode_10
⚠️ Missing caption for: /l/users/malak.mansour/Datasets/do_manual/hdf5_rgb/pick_yellow_cup_and_put_it_in_pot.h5 / episode_12
⚠️ Missing caption for: /l/users/malak.mansour/Datasets/do_manual/hdf5_rgb/pick_yellow_cup_and_put_it_in_pot.h5 / episode_13
⚠️ Missing caption for: /l/users/malak.mansour/Datasets/do_manual/hdf5_rgb/pick_yellow_cup_and_put_it_in_pot.h5 / episode_14
⚠️ Missing caption for: /l/users/malak.mansour/Datasets/do_manual/hdf5_rgb/pick_yellow_cup_and_put_it_in_pot.h5 / episode_15
⚠️ Missing caption for: /l/users/malak.mansour/Datasets/do_manual/hdf5_rgb/pick_yellow_cup_and_put_it_in_pot.h5 / episode_16
⚠️ Missing caption for: /l/users/malak.mansour/Datasets/do_manual/hdf5_rgb/pick_yellow_cup_and_put_it_in_pot.h5 / episode_17
⚠️ Missing caption for: /l/users/malak.mansour/Datasets/do_manual/hdf5_rgb/pick_yellow_cup_and_put_it_in_pot.h5 / episode_19
⚠️ Missing caption for: /l/users/malak.mansour/Datasets/do_manual/hdf5_rgb/pick_yellow_cup_and_put_it_in_pot.h5 / episode_2
⚠️ Missing caption for: /l/users/malak.mansour/Datasets/do_manual/hdf5_rgb/pick_yellow_cup_and_put_it_in_pot.h5 / episode_20
⚠️ Missing caption for: /l/users/malak.mansour/Datasets/do_manual/hdf5_rgb/pick_yellow_cup_and_put_it_in_pot.h5 / episode_21
⚠️ Missing caption for: /l/users/malak.mansour/Datasets/do_manual/hdf5_rgb/pick_yellow_cup_and_put_it_in_pot.h5 / episode_22
⚠️ Missing caption for: /l/users/malak.mansour/Datasets/do_manual/hdf5_rgb/pick_yellow_cup_and_put_it_in_pot.h5 / episode_23
⚠️ Missing caption for: /l/users/malak.mansour/Datasets/do_manual/hdf5_rgb/pick_yellow_cup_and_put_it_in_pot.h5 / episode_25
⚠️ Missing caption for: /l/users/malak.mansour/Datasets/do_manual/hdf5_rgb/pick_yellow_cup_and_put_it_in_pot.h5 / episode_9
